<?xml version="1.0" encoding="UTF-8"?>
<coverage generated="1583652315413" clover="3.2.0">
  <project timestamp="1583652315413" name="All files">
    <metrics statements="102" coveredstatements="101" conditionals="26" coveredconditionals="23" methods="37" coveredmethods="37" elements="165" coveredelements="161" complexity="0" loc="102" ncloc="102" packages="2" files="2" classes="2"/>
    <package name="__test__.dom">
      <metrics statements="2" coveredstatements="2" conditionals="0" coveredconditionals="0" methods="0" coveredmethods="0"/>
      <file name="fakeDom.js" path="/Users/penghua/Documents/前端/SideProject/JSTodoList/__test__/dom/fakeDom.js">
        <metrics statements="2" coveredstatements="2" conditionals="0" coveredconditionals="0" methods="0" coveredmethods="0"/>
        <line num="1" count="1" type="stmt"/>
        <line num="3" count="1" type="stmt"/>
      </file>
    </package>
    <package name="js">
      <metrics statements="100" coveredstatements="99" conditionals="26" coveredconditionals="23" methods="37" coveredmethods="37"/>
      <file name="todo.js" path="/Users/penghua/Documents/前端/SideProject/JSTodoList/js/todo.js">
        <metrics statements="100" coveredstatements="99" conditionals="26" coveredconditionals="23" methods="37" coveredmethods="37"/>
        <line num="9" count="11" type="cond" truecount="2" falsecount="0"/>
        <line num="10" count="11" type="stmt"/>
        <line num="11" count="11" type="stmt"/>
        <line num="21" count="11" type="stmt"/>
        <line num="26" count="11" type="stmt"/>
        <line num="31" count="11" type="stmt"/>
        <line num="36" count="11" type="stmt"/>
        <line num="42" count="11" type="stmt"/>
        <line num="43" count="11" type="stmt"/>
        <line num="44" count="11" type="stmt"/>
        <line num="45" count="11" type="stmt"/>
        <line num="46" count="11" type="stmt"/>
        <line num="48" count="11" type="stmt"/>
        <line num="49" count="11" type="stmt"/>
        <line num="52" count="11" type="stmt"/>
        <line num="53" count="11" type="stmt"/>
        <line num="54" count="11" type="stmt"/>
        <line num="55" count="11" type="stmt"/>
        <line num="56" count="11" type="stmt"/>
        <line num="57" count="11" type="stmt"/>
        <line num="61" count="2" type="cond" truecount="1" falsecount="1"/>
        <line num="62" count="2" type="stmt"/>
        <line num="68" count="82" type="stmt"/>
        <line num="69" count="82" type="stmt"/>
        <line num="71" count="82" type="stmt"/>
        <line num="72" count="82" type="stmt"/>
        <line num="74" count="82" type="stmt"/>
        <line num="75" count="82" type="stmt"/>
        <line num="77" count="82" type="stmt"/>
        <line num="78" count="82" type="stmt"/>
        <line num="80" count="82" type="stmt"/>
        <line num="81" count="82" type="stmt"/>
        <line num="82" count="82" type="stmt"/>
        <line num="86" count="2" type="stmt"/>
        <line num="91" count="3" type="stmt"/>
        <line num="93" count="3" type="cond" truecount="2" falsecount="0"/>
        <line num="94" count="2" type="stmt"/>
        <line num="100" count="2" type="stmt"/>
        <line num="101" count="2" type="stmt"/>
        <line num="102" count="2" type="stmt"/>
        <line num="103" count="2" type="stmt"/>
        <line num="108" count="1" type="stmt"/>
        <line num="109" count="1" type="stmt"/>
        <line num="110" count="1" type="stmt"/>
        <line num="111" count="1" type="stmt"/>
        <line num="112" count="1" type="stmt"/>
        <line num="113" count="1" type="stmt"/>
        <line num="118" count="4" type="cond" truecount="2" falsecount="0"/>
        <line num="119" count="2" type="stmt"/>
        <line num="122" count="2" type="stmt"/>
        <line num="123" count="2" type="cond" truecount="1" falsecount="1"/>
        <line num="124" count="2" type="stmt"/>
        <line num="125" count="2" type="stmt"/>
        <line num="126" count="2" type="stmt"/>
        <line num="127" count="2" type="stmt"/>
        <line num="130" count="0" type="stmt"/>
        <line num="135" count="1" type="stmt"/>
        <line num="136" count="1" type="stmt"/>
        <line num="137" count="1" type="stmt"/>
        <line num="138" count="1" type="stmt"/>
        <line num="139" count="1" type="stmt"/>
        <line num="143" count="1" type="stmt"/>
        <line num="144" count="1" type="stmt"/>
        <line num="145" count="1" type="stmt"/>
        <line num="146" count="1" type="stmt"/>
        <line num="147" count="1" type="stmt"/>
        <line num="151" count="2" type="stmt"/>
        <line num="152" count="2" type="stmt"/>
        <line num="153" count="2" type="stmt"/>
        <line num="154" count="2" type="stmt"/>
        <line num="159" count="2" type="cond" truecount="3" falsecount="1"/>
        <line num="160" count="2" type="stmt"/>
        <line num="161" count="2" type="stmt"/>
        <line num="162" count="2" type="stmt"/>
        <line num="163" count="2" type="stmt"/>
        <line num="164" count="2" type="stmt"/>
        <line num="165" count="2" type="stmt"/>
        <line num="170" count="60" type="stmt"/>
        <line num="171" count="180" type="stmt"/>
        <line num="172" count="60" type="stmt"/>
        <line num="175" count="60" type="stmt"/>
        <line num="176" count="60" type="stmt"/>
        <line num="181" count="82" type="cond" truecount="2" falsecount="0"/>
        <line num="182" count="19" type="stmt"/>
        <line num="183" count="8" type="stmt"/>
        <line num="185" count="63" type="cond" truecount="2" falsecount="0"/>
        <line num="186" count="21" type="stmt"/>
        <line num="187" count="8" type="stmt"/>
        <line num="189" count="42" type="stmt"/>
        <line num="194" count="32" type="stmt"/>
        <line num="195" count="32" type="stmt"/>
        <line num="202" count="32" type="cond" truecount="2" falsecount="0"/>
        <line num="206" count="32" type="stmt"/>
        <line num="219" count="32" type="stmt"/>
        <line num="226" count="32" type="stmt"/>
        <line num="237" count="82" type="stmt"/>
        <line num="238" count="82" type="stmt"/>
        <line num="239" count="82" type="stmt"/>
        <line num="240" count="32" type="stmt"/>
        <line num="242" count="82" type="stmt"/>
      </file>
    </package>
  </project>
</coverage>
