<?xml version="1.0" encoding="UTF-8"?>
<coverage generated="1583650132858" clover="3.2.0">
  <project timestamp="1583650132859" name="All files">
    <metrics statements="100" coveredstatements="96" conditionals="26" coveredconditionals="21" methods="37" coveredmethods="35" elements="163" coveredelements="152" complexity="0" loc="100" ncloc="100" packages="1" files="1" classes="1"/>
    <file name="todo.js" path="/Users/penghua/Documents/前端/SideProject/JSTodoList/js/todo.js">
      <metrics statements="100" coveredstatements="96" conditionals="26" coveredconditionals="21" methods="37" coveredmethods="35"/>
      <line num="9" count="11" type="cond" truecount="2" falsecount="0"/>
      <line num="10" count="11" type="stmt"/>
      <line num="11" count="11" type="stmt"/>
      <line num="21" count="11" type="stmt"/>
      <line num="26" count="11" type="stmt"/>
      <line num="31" count="11" type="stmt"/>
      <line num="36" count="11" type="stmt"/>
      <line num="42" count="11" type="stmt"/>
      <line num="43" count="11" type="stmt"/>
      <line num="44" count="11" type="stmt"/>
      <line num="45" count="11" type="stmt"/>
      <line num="46" count="11" type="stmt"/>
      <line num="48" count="11" type="stmt"/>
      <line num="49" count="11" type="stmt"/>
      <line num="52" count="11" type="stmt"/>
      <line num="53" count="11" type="stmt"/>
      <line num="54" count="11" type="stmt"/>
      <line num="55" count="11" type="stmt"/>
      <line num="56" count="11" type="stmt"/>
      <line num="57" count="11" type="stmt"/>
      <line num="61" count="1" type="cond" truecount="1" falsecount="1"/>
      <line num="62" count="1" type="stmt"/>
      <line num="68" count="25" type="stmt"/>
      <line num="69" count="25" type="stmt"/>
      <line num="71" count="25" type="stmt"/>
      <line num="72" count="25" type="stmt"/>
      <line num="74" count="25" type="stmt"/>
      <line num="75" count="25" type="stmt"/>
      <line num="77" count="25" type="stmt"/>
      <line num="78" count="25" type="stmt"/>
      <line num="80" count="25" type="stmt"/>
      <line num="81" count="25" type="stmt"/>
      <line num="82" count="25" type="stmt"/>
      <line num="86" count="2" type="stmt"/>
      <line num="91" count="2" type="stmt"/>
      <line num="93" count="2" type="cond" truecount="1" falsecount="1"/>
      <line num="94" count="2" type="stmt"/>
      <line num="100" count="2" type="stmt"/>
      <line num="101" count="2" type="stmt"/>
      <line num="102" count="2" type="stmt"/>
      <line num="103" count="2" type="stmt"/>
      <line num="108" count="1" type="stmt"/>
      <line num="109" count="1" type="stmt"/>
      <line num="110" count="1" type="stmt"/>
      <line num="111" count="1" type="stmt"/>
      <line num="112" count="1" type="stmt"/>
      <line num="113" count="1" type="stmt"/>
      <line num="118" count="1" type="cond" truecount="1" falsecount="1"/>
      <line num="119" count="0" type="stmt"/>
      <line num="122" count="1" type="stmt"/>
      <line num="123" count="1" type="cond" truecount="1" falsecount="1"/>
      <line num="124" count="1" type="stmt"/>
      <line num="125" count="1" type="stmt"/>
      <line num="126" count="1" type="stmt"/>
      <line num="127" count="1" type="stmt"/>
      <line num="130" count="0" type="stmt"/>
      <line num="135" count="1" type="stmt"/>
      <line num="136" count="1" type="stmt"/>
      <line num="137" count="1" type="stmt"/>
      <line num="138" count="1" type="stmt"/>
      <line num="139" count="1" type="stmt"/>
      <line num="143" count="1" type="stmt"/>
      <line num="144" count="1" type="stmt"/>
      <line num="145" count="1" type="stmt"/>
      <line num="146" count="1" type="stmt"/>
      <line num="147" count="1" type="stmt"/>
      <line num="151" count="2" type="stmt"/>
      <line num="152" count="2" type="stmt"/>
      <line num="153" count="2" type="stmt"/>
      <line num="154" count="2" type="stmt"/>
      <line num="159" count="2" type="cond" truecount="3" falsecount="1"/>
      <line num="160" count="2" type="stmt"/>
      <line num="161" count="2" type="stmt"/>
      <line num="162" count="2" type="stmt"/>
      <line num="163" count="2" type="stmt"/>
      <line num="164" count="2" type="stmt"/>
      <line num="165" count="2" type="stmt"/>
      <line num="170" count="4" type="stmt"/>
      <line num="171" count="12" type="stmt"/>
      <line num="172" count="4" type="stmt"/>
      <line num="175" count="4" type="stmt"/>
      <line num="176" count="4" type="stmt"/>
      <line num="181" count="25" type="cond" truecount="2" falsecount="0"/>
      <line num="182" count="2" type="stmt"/>
      <line num="183" count="0" type="stmt"/>
      <line num="185" count="23" type="cond" truecount="2" falsecount="0"/>
      <line num="186" count="2" type="stmt"/>
      <line num="187" count="0" type="stmt"/>
      <line num="189" count="21" type="stmt"/>
      <line num="194" count="15" type="stmt"/>
      <line num="195" count="15" type="stmt"/>
      <line num="202" count="15" type="cond" truecount="2" falsecount="0"/>
      <line num="206" count="15" type="stmt"/>
      <line num="219" count="15" type="stmt"/>
      <line num="226" count="15" type="stmt"/>
      <line num="237" count="25" type="stmt"/>
      <line num="238" count="25" type="stmt"/>
      <line num="239" count="25" type="stmt"/>
      <line num="240" count="15" type="stmt"/>
      <line num="242" count="25" type="stmt"/>
    </file>
  </project>
</coverage>
