{"/Users/penghua/Documents/前端/SideProject/JSTodoList/js/todo.js": {"path":"/Users/penghua/Documents/前端/SideProject/JSTodoList/js/todo.js","statementMap":{"0":{"start":{"line":5,"column":21},"end":{"line":5,"column":75}},"1":{"start":{"line":6,"column":20},"end":{"line":6,"column":22}},"2":{"start":{"line":7,"column":18},"end":{"line":7,"column":20}},"3":{"start":{"line":8,"column":14},"end":{"line":8,"column":16}},"4":{"start":{"line":9,"column":20},"end":{"line":9,"column":24}},"5":{"start":{"line":12,"column":0},"end":{"line":12,"column":22}},"6":{"start":{"line":13,"column":0},"end":{"line":13,"column":20}},"7":{"start":{"line":16,"column":0},"end":{"line":16,"column":74}},"8":{"start":{"line":18,"column":2},"end":{"line":18,"column":12}},"9":{"start":{"line":19,"column":2},"end":{"line":19,"column":22}},"10":{"start":{"line":22,"column":0},"end":{"line":22,"column":89}},"11":{"start":{"line":25,"column":2},"end":{"line":28,"column":3}},"12":{"start":{"line":26,"column":4},"end":{"line":26,"column":14}},"13":{"start":{"line":27,"column":4},"end":{"line":27,"column":24}},"14":{"start":{"line":34,"column":20},"end":{"line":34,"column":61}},"15":{"start":{"line":35,"column":2},"end":{"line":35,"column":74}},"16":{"start":{"line":35,"column":30},"end":{"line":35,"column":72}},"17":{"start":{"line":37,"column":16},"end":{"line":37,"column":52}},"18":{"start":{"line":38,"column":2},"end":{"line":38,"column":76}},"19":{"start":{"line":38,"column":28},"end":{"line":38,"column":74}},"20":{"start":{"line":40,"column":14},"end":{"line":40,"column":48}},"21":{"start":{"line":41,"column":2},"end":{"line":41,"column":77}},"22":{"start":{"line":41,"column":24},"end":{"line":41,"column":75}},"23":{"start":{"line":43,"column":20},"end":{"line":43,"column":62}},"24":{"start":{"line":44,"column":2},"end":{"line":44,"column":88}},"25":{"start":{"line":44,"column":33},"end":{"line":44,"column":86}},"26":{"start":{"line":46,"column":17},"end":{"line":46,"column":55}},"27":{"start":{"line":47,"column":2},"end":{"line":47,"column":78}},"28":{"start":{"line":47,"column":27},"end":{"line":47,"column":76}},"29":{"start":{"line":48,"column":2},"end":{"line":48,"column":77}},"30":{"start":{"line":48,"column":27},"end":{"line":48,"column":75}},"31":{"start":{"line":54,"column":18},"end":{"line":54,"column":67}},"32":{"start":{"line":55,"column":2},"end":{"line":55,"column":30}},"33":{"start":{"line":55,"column":23},"end":{"line":55,"column":30}},"34":{"start":{"line":56,"column":2},"end":{"line":60,"column":4}},"35":{"start":{"line":61,"column":2},"end":{"line":61,"column":28}},"36":{"start":{"line":62,"column":2},"end":{"line":62,"column":68}},"37":{"start":{"line":63,"column":2},"end":{"line":63,"column":29}},"38":{"start":{"line":64,"column":2},"end":{"line":64,"column":57}},"39":{"start":{"line":69,"column":15},"end":{"line":69,"column":66}},"40":{"start":{"line":70,"column":11},"end":{"line":70,"column":56}},"41":{"start":{"line":71,"column":2},"end":{"line":73,"column":3}},"42":{"start":{"line":72,"column":4},"end":{"line":72,"column":34}},"43":{"start":{"line":74,"column":2},"end":{"line":81,"column":3}},"44":{"start":{"line":76,"column":4},"end":{"line":80,"column":6}},"45":{"start":{"line":77,"column":6},"end":{"line":79,"column":7}},"46":{"start":{"line":78,"column":8},"end":{"line":78,"column":37}},"47":{"start":{"line":82,"column":2},"end":{"line":88,"column":3}},"48":{"start":{"line":83,"column":4},"end":{"line":87,"column":6}},"49":{"start":{"line":84,"column":6},"end":{"line":86,"column":7}},"50":{"start":{"line":85,"column":8},"end":{"line":85,"column":37}},"51":{"start":{"line":89,"column":2},"end":{"line":89,"column":68}},"52":{"start":{"line":90,"column":2},"end":{"line":90,"column":29}},"53":{"start":{"line":93,"column":0},"end":{"line":93,"column":77}},"54":{"start":{"line":96,"column":2},"end":{"line":98,"column":3}},"55":{"start":{"line":97,"column":4},"end":{"line":97,"column":31}},"56":{"start":{"line":100,"column":22},"end":{"line":100,"column":47}},"57":{"start":{"line":101,"column":2},"end":{"line":112,"column":3}},"58":{"start":{"line":102,"column":4},"end":{"line":102,"column":27}},"59":{"start":{"line":104,"column":4},"end":{"line":104,"column":24}},"60":{"start":{"line":105,"column":4},"end":{"line":105,"column":26}},"61":{"start":{"line":106,"column":4},"end":{"line":106,"column":26}},"62":{"start":{"line":107,"column":4},"end":{"line":107,"column":69}},"63":{"start":{"line":110,"column":4},"end":{"line":110,"column":26}},"64":{"start":{"line":111,"column":4},"end":{"line":111,"column":24}},"65":{"start":{"line":116,"column":2},"end":{"line":116,"column":29}},"66":{"start":{"line":118,"column":15},"end":{"line":118,"column":30}},"67":{"start":{"line":119,"column":13},"end":{"line":119,"column":51}},"68":{"start":{"line":120,"column":15},"end":{"line":120,"column":66}},"69":{"start":{"line":121,"column":11},"end":{"line":121,"column":56}},"70":{"start":{"line":122,"column":27},"end":{"line":122,"column":65}},"71":{"start":{"line":124,"column":2},"end":{"line":126,"column":3}},"72":{"start":{"line":125,"column":4},"end":{"line":125,"column":36}},"73":{"start":{"line":127,"column":2},"end":{"line":135,"column":3}},"74":{"start":{"line":129,"column":4},"end":{"line":133,"column":6}},"75":{"start":{"line":130,"column":6},"end":{"line":132,"column":7}},"76":{"start":{"line":131,"column":8},"end":{"line":131,"column":25}},"77":{"start":{"line":134,"column":4},"end":{"line":134,"column":38}},"78":{"start":{"line":136,"column":2},"end":{"line":143,"column":3}},"79":{"start":{"line":137,"column":4},"end":{"line":141,"column":6}},"80":{"start":{"line":138,"column":6},"end":{"line":140,"column":7}},"81":{"start":{"line":139,"column":8},"end":{"line":139,"column":25}},"82":{"start":{"line":142,"column":4},"end":{"line":142,"column":36}},"83":{"start":{"line":144,"column":2},"end":{"line":144,"column":32}},"84":{"start":{"line":145,"column":2},"end":{"line":145,"column":31}},"85":{"start":{"line":146,"column":2},"end":{"line":146,"column":51}},"86":{"start":{"line":147,"column":2},"end":{"line":147,"column":67}},"87":{"start":{"line":148,"column":2},"end":{"line":148,"column":29}},"88":{"start":{"line":152,"column":2},"end":{"line":152,"column":29}},"89":{"start":{"line":153,"column":13},"end":{"line":153,"column":28}},"90":{"start":{"line":154,"column":15},"end":{"line":154,"column":53}},"91":{"start":{"line":155,"column":15},"end":{"line":155,"column":66}},"92":{"start":{"line":156,"column":27},"end":{"line":156,"column":65}},"93":{"start":{"line":157,"column":11},"end":{"line":157,"column":56}},"94":{"start":{"line":159,"column":2},"end":{"line":161,"column":3}},"95":{"start":{"line":160,"column":4},"end":{"line":160,"column":37}},"96":{"start":{"line":162,"column":2},"end":{"line":170,"column":3}},"97":{"start":{"line":164,"column":4},"end":{"line":168,"column":6}},"98":{"start":{"line":165,"column":6},"end":{"line":167,"column":7}},"99":{"start":{"line":166,"column":8},"end":{"line":166,"column":26}},"100":{"start":{"line":169,"column":4},"end":{"line":169,"column":39}},"101":{"start":{"line":171,"column":2},"end":{"line":178,"column":3}},"102":{"start":{"line":172,"column":4},"end":{"line":176,"column":6}},"103":{"start":{"line":173,"column":6},"end":{"line":175,"column":7}},"104":{"start":{"line":174,"column":8},"end":{"line":174,"column":26}},"105":{"start":{"line":177,"column":4},"end":{"line":177,"column":37}},"106":{"start":{"line":179,"column":2},"end":{"line":179,"column":33}},"107":{"start":{"line":180,"column":2},"end":{"line":180,"column":30}},"108":{"start":{"line":181,"column":2},"end":{"line":181,"column":54}},"109":{"start":{"line":182,"column":2},"end":{"line":182,"column":67}},"110":{"start":{"line":183,"column":2},"end":{"line":183,"column":29}},"111":{"start":{"line":189,"column":15},"end":{"line":189,"column":42}},"112":{"start":{"line":190,"column":16},"end":{"line":190,"column":43}},"113":{"start":{"line":191,"column":2},"end":{"line":191,"column":30}},"114":{"start":{"line":192,"column":2},"end":{"line":192,"column":32}},"115":{"start":{"line":193,"column":2},"end":{"line":193,"column":33}},"116":{"start":{"line":199,"column":2},"end":{"line":229,"column":3}},"117":{"start":{"line":200,"column":28},"end":{"line":200,"column":66}},"118":{"start":{"line":201,"column":18},"end":{"line":201,"column":33}},"119":{"start":{"line":202,"column":19},"end":{"line":202,"column":40}},"120":{"start":{"line":203,"column":4},"end":{"line":203,"column":43}},"121":{"start":{"line":204,"column":19},"end":{"line":204,"column":81}},"122":{"start":{"line":205,"column":13},"end":{"line":205,"column":69}},"123":{"start":{"line":207,"column":4},"end":{"line":209,"column":5}},"124":{"start":{"line":208,"column":6},"end":{"line":208,"column":42}},"125":{"start":{"line":210,"column":4},"end":{"line":218,"column":5}},"126":{"start":{"line":212,"column":6},"end":{"line":216,"column":8}},"127":{"start":{"line":213,"column":8},"end":{"line":215,"column":9}},"128":{"start":{"line":214,"column":10},"end":{"line":214,"column":31}},"129":{"start":{"line":217,"column":6},"end":{"line":217,"column":44}},"130":{"start":{"line":219,"column":4},"end":{"line":226,"column":5}},"131":{"start":{"line":220,"column":6},"end":{"line":224,"column":8}},"132":{"start":{"line":221,"column":8},"end":{"line":223,"column":9}},"133":{"start":{"line":222,"column":10},"end":{"line":222,"column":31}},"134":{"start":{"line":225,"column":6},"end":{"line":225,"column":42}},"135":{"start":{"line":227,"column":4},"end":{"line":227,"column":44}},"136":{"start":{"line":228,"column":4},"end":{"line":228,"column":33}},"137":{"start":{"line":232,"column":0},"end":{"line":232,"column":79}},"138":{"start":{"line":234,"column":2},"end":{"line":234,"column":100}},"139":{"start":{"line":234,"column":64},"end":{"line":234,"column":98}},"140":{"start":{"line":235,"column":2},"end":{"line":235,"column":36}},"141":{"start":{"line":236,"column":2},"end":{"line":236,"column":39}},"142":{"start":{"line":237,"column":2},"end":{"line":237,"column":29}},"143":{"start":{"line":242,"column":2},"end":{"line":244,"column":3}},"144":{"start":{"line":243,"column":4},"end":{"line":243,"column":26}},"145":{"start":{"line":245,"column":2},"end":{"line":248,"column":3}},"146":{"start":{"line":246,"column":4},"end":{"line":246,"column":68}},"147":{"start":{"line":246,"column":47},"end":{"line":246,"column":66}},"148":{"start":{"line":247,"column":4},"end":{"line":247,"column":28}},"149":{"start":{"line":249,"column":2},"end":{"line":252,"column":3}},"150":{"start":{"line":250,"column":4},"end":{"line":250,"column":65}},"151":{"start":{"line":250,"column":45},"end":{"line":250,"column":63}},"152":{"start":{"line":251,"column":4},"end":{"line":251,"column":26}},"153":{"start":{"line":253,"column":2},"end":{"line":253,"column":22}},"154":{"start":{"line":260,"column":23},"end":{"line":260,"column":59}},"155":{"start":{"line":261,"column":2},"end":{"line":293,"column":14}},"156":{"start":{"line":265,"column":23},"end":{"line":265,"column":124}},"157":{"start":{"line":266,"column":21},"end":{"line":271,"column":9}},"158":{"start":{"line":273,"column":17},"end":{"line":276,"column":11}},"159":{"start":{"line":279,"column":14},"end":{"line":290,"column":5}},"160":{"start":{"line":292,"column":4},"end":{"line":292,"column":15}},"161":{"start":{"line":299,"column":0},"end":{"line":308,"column":5}},"162":{"start":{"line":300,"column":15},"end":{"line":300,"column":93}},"163":{"start":{"line":301,"column":17},"end":{"line":301,"column":126}},"164":{"start":{"line":302,"column":19},"end":{"line":302,"column":38}},"165":{"start":{"line":303,"column":21},"end":{"line":303,"column":42}},"166":{"start":{"line":304,"column":20},"end":{"line":304,"column":40}},"167":{"start":{"line":306,"column":12},"end":{"line":306,"column":94}},"168":{"start":{"line":307,"column":2},"end":{"line":307,"column":50}}},"fnMap":{"0":{"name":"clickToAddTask","decl":{"start":{"line":17,"column":9},"end":{"line":17,"column":23}},"loc":{"start":{"line":17,"column":27},"end":{"line":20,"column":1}},"line":17},"1":{"name":"keyupToAddTask","decl":{"start":{"line":24,"column":9},"end":{"line":24,"column":23}},"loc":{"start":{"line":24,"column":27},"end":{"line":29,"column":1}},"line":24},"2":{"name":"addListenerToTask","decl":{"start":{"line":32,"column":9},"end":{"line":32,"column":26}},"loc":{"start":{"line":32,"column":29},"end":{"line":50,"column":1}},"line":32},"3":{"name":"(anonymous_3)","decl":{"start":{"line":35,"column":22},"end":{"line":35,"column":23}},"loc":{"start":{"line":35,"column":30},"end":{"line":35,"column":72}},"line":35},"4":{"name":"(anonymous_4)","decl":{"start":{"line":38,"column":18},"end":{"line":38,"column":19}},"loc":{"start":{"line":38,"column":28},"end":{"line":38,"column":74}},"line":38},"5":{"name":"(anonymous_5)","decl":{"start":{"line":41,"column":16},"end":{"line":41,"column":17}},"loc":{"start":{"line":41,"column":24},"end":{"line":41,"column":75}},"line":41},"6":{"name":"(anonymous_6)","decl":{"start":{"line":44,"column":22},"end":{"line":44,"column":23}},"loc":{"start":{"line":44,"column":33},"end":{"line":44,"column":86}},"line":44},"7":{"name":"(anonymous_7)","decl":{"start":{"line":47,"column":19},"end":{"line":47,"column":20}},"loc":{"start":{"line":47,"column":27},"end":{"line":47,"column":76}},"line":47},"8":{"name":"(anonymous_8)","decl":{"start":{"line":48,"column":19},"end":{"line":48,"column":20}},"loc":{"start":{"line":48,"column":27},"end":{"line":48,"column":75}},"line":48},"9":{"name":"addTask","decl":{"start":{"line":52,"column":9},"end":{"line":52,"column":16}},"loc":{"start":{"line":52,"column":20},"end":{"line":65,"column":1}},"line":52},"10":{"name":"deleteTask","decl":{"start":{"line":67,"column":9},"end":{"line":67,"column":19}},"loc":{"start":{"line":67,"column":23},"end":{"line":91,"column":1}},"line":67},"11":{"name":"(anonymous_11)","decl":{"start":{"line":76,"column":24},"end":{"line":76,"column":25}},"loc":{"start":{"line":76,"column":41},"end":{"line":80,"column":5}},"line":76},"12":{"name":"(anonymous_12)","decl":{"start":{"line":83,"column":24},"end":{"line":83,"column":25}},"loc":{"start":{"line":83,"column":41},"end":{"line":87,"column":5}},"line":83},"13":{"name":"deleteAllTasks","decl":{"start":{"line":94,"column":9},"end":{"line":94,"column":23}},"loc":{"start":{"line":94,"column":27},"end":{"line":113,"column":1}},"line":94},"14":{"name":"completeTask","decl":{"start":{"line":115,"column":9},"end":{"line":115,"column":21}},"loc":{"start":{"line":115,"column":25},"end":{"line":149,"column":1}},"line":115},"15":{"name":"(anonymous_15)","decl":{"start":{"line":129,"column":24},"end":{"line":129,"column":25}},"loc":{"start":{"line":129,"column":32},"end":{"line":133,"column":5}},"line":129},"16":{"name":"(anonymous_16)","decl":{"start":{"line":137,"column":24},"end":{"line":137,"column":25}},"loc":{"start":{"line":137,"column":32},"end":{"line":141,"column":5}},"line":137},"17":{"name":"cancelCompletedTask","decl":{"start":{"line":151,"column":9},"end":{"line":151,"column":28}},"loc":{"start":{"line":151,"column":32},"end":{"line":184,"column":1}},"line":151},"18":{"name":"(anonymous_18)","decl":{"start":{"line":164,"column":24},"end":{"line":164,"column":25}},"loc":{"start":{"line":164,"column":32},"end":{"line":168,"column":5}},"line":164},"19":{"name":"(anonymous_19)","decl":{"start":{"line":172,"column":24},"end":{"line":172,"column":25}},"loc":{"start":{"line":172,"column":32},"end":{"line":176,"column":5}},"line":172},"20":{"name":"editTaskContent","decl":{"start":{"line":186,"column":9},"end":{"line":186,"column":24}},"loc":{"start":{"line":186,"column":28},"end":{"line":194,"column":1}},"line":186},"21":{"name":"updateTaskContent","decl":{"start":{"line":196,"column":9},"end":{"line":196,"column":26}},"loc":{"start":{"line":196,"column":30},"end":{"line":230,"column":1}},"line":196},"22":{"name":"(anonymous_22)","decl":{"start":{"line":212,"column":26},"end":{"line":212,"column":27}},"loc":{"start":{"line":212,"column":34},"end":{"line":216,"column":7}},"line":212},"23":{"name":"(anonymous_23)","decl":{"start":{"line":220,"column":26},"end":{"line":220,"column":27}},"loc":{"start":{"line":220,"column":34},"end":{"line":224,"column":7}},"line":220},"24":{"name":"changeStatus","decl":{"start":{"line":233,"column":9},"end":{"line":233,"column":21}},"loc":{"start":{"line":233,"column":25},"end":{"line":238,"column":1}},"line":233},"25":{"name":"(anonymous_25)","decl":{"start":{"line":234,"column":54},"end":{"line":234,"column":55}},"loc":{"start":{"line":234,"column":64},"end":{"line":234,"column":98}},"line":234},"26":{"name":"filterTasks","decl":{"start":{"line":240,"column":9},"end":{"line":240,"column":20}},"loc":{"start":{"line":240,"column":36},"end":{"line":254,"column":1}},"line":240},"27":{"name":"(anonymous_27)","decl":{"start":{"line":246,"column":39},"end":{"line":246,"column":40}},"loc":{"start":{"line":246,"column":47},"end":{"line":246,"column":66}},"line":246},"28":{"name":"(anonymous_28)","decl":{"start":{"line":250,"column":37},"end":{"line":250,"column":38}},"loc":{"start":{"line":250,"column":45},"end":{"line":250,"column":63}},"line":250},"29":{"name":"taskList","decl":{"start":{"line":259,"column":9},"end":{"line":259,"column":17}},"loc":{"start":{"line":259,"column":28},"end":{"line":295,"column":1}},"line":259},"30":{"name":"(anonymous_30)","decl":{"start":{"line":261,"column":40},"end":{"line":261,"column":41}},"loc":{"start":{"line":261,"column":56},"end":{"line":293,"column":3}},"line":261},"31":{"name":"getDate","decl":{"start":{"line":299,"column":10},"end":{"line":299,"column":17}},"loc":{"start":{"line":299,"column":20},"end":{"line":308,"column":1}},"line":299}},"branchMap":{"0":{"loc":{"start":{"line":5,"column":21},"end":{"line":5,"column":75}},"type":"binary-expr","locations":[{"start":{"line":5,"column":21},"end":{"line":5,"column":69}},{"start":{"line":5,"column":73},"end":{"line":5,"column":75}}],"line":5},"1":{"loc":{"start":{"line":25,"column":2},"end":{"line":28,"column":3}},"type":"if","locations":[{"start":{"line":25,"column":2},"end":{"line":28,"column":3}},{"start":{"line":25,"column":2},"end":{"line":28,"column":3}}],"line":25},"2":{"loc":{"start":{"line":55,"column":2},"end":{"line":55,"column":30}},"type":"if","locations":[{"start":{"line":55,"column":2},"end":{"line":55,"column":30}},{"start":{"line":55,"column":2},"end":{"line":55,"column":30}}],"line":55},"3":{"loc":{"start":{"line":71,"column":2},"end":{"line":73,"column":3}},"type":"if","locations":[{"start":{"line":71,"column":2},"end":{"line":73,"column":3}},{"start":{"line":71,"column":2},"end":{"line":73,"column":3}}],"line":71},"4":{"loc":{"start":{"line":74,"column":2},"end":{"line":81,"column":3}},"type":"if","locations":[{"start":{"line":74,"column":2},"end":{"line":81,"column":3}},{"start":{"line":74,"column":2},"end":{"line":81,"column":3}}],"line":74},"5":{"loc":{"start":{"line":77,"column":6},"end":{"line":79,"column":7}},"type":"if","locations":[{"start":{"line":77,"column":6},"end":{"line":79,"column":7}},{"start":{"line":77,"column":6},"end":{"line":79,"column":7}}],"line":77},"6":{"loc":{"start":{"line":82,"column":2},"end":{"line":88,"column":3}},"type":"if","locations":[{"start":{"line":82,"column":2},"end":{"line":88,"column":3}},{"start":{"line":82,"column":2},"end":{"line":88,"column":3}}],"line":82},"7":{"loc":{"start":{"line":84,"column":6},"end":{"line":86,"column":7}},"type":"if","locations":[{"start":{"line":84,"column":6},"end":{"line":86,"column":7}},{"start":{"line":84,"column":6},"end":{"line":86,"column":7}}],"line":84},"8":{"loc":{"start":{"line":96,"column":2},"end":{"line":98,"column":3}},"type":"if","locations":[{"start":{"line":96,"column":2},"end":{"line":98,"column":3}},{"start":{"line":96,"column":2},"end":{"line":98,"column":3}}],"line":96},"9":{"loc":{"start":{"line":101,"column":2},"end":{"line":112,"column":3}},"type":"if","locations":[{"start":{"line":101,"column":2},"end":{"line":112,"column":3}},{"start":{"line":101,"column":2},"end":{"line":112,"column":3}}],"line":101},"10":{"loc":{"start":{"line":124,"column":2},"end":{"line":126,"column":3}},"type":"if","locations":[{"start":{"line":124,"column":2},"end":{"line":126,"column":3}},{"start":{"line":124,"column":2},"end":{"line":126,"column":3}}],"line":124},"11":{"loc":{"start":{"line":127,"column":2},"end":{"line":135,"column":3}},"type":"if","locations":[{"start":{"line":127,"column":2},"end":{"line":135,"column":3}},{"start":{"line":127,"column":2},"end":{"line":135,"column":3}}],"line":127},"12":{"loc":{"start":{"line":130,"column":6},"end":{"line":132,"column":7}},"type":"if","locations":[{"start":{"line":130,"column":6},"end":{"line":132,"column":7}},{"start":{"line":130,"column":6},"end":{"line":132,"column":7}}],"line":130},"13":{"loc":{"start":{"line":136,"column":2},"end":{"line":143,"column":3}},"type":"if","locations":[{"start":{"line":136,"column":2},"end":{"line":143,"column":3}},{"start":{"line":136,"column":2},"end":{"line":143,"column":3}}],"line":136},"14":{"loc":{"start":{"line":138,"column":6},"end":{"line":140,"column":7}},"type":"if","locations":[{"start":{"line":138,"column":6},"end":{"line":140,"column":7}},{"start":{"line":138,"column":6},"end":{"line":140,"column":7}}],"line":138},"15":{"loc":{"start":{"line":159,"column":2},"end":{"line":161,"column":3}},"type":"if","locations":[{"start":{"line":159,"column":2},"end":{"line":161,"column":3}},{"start":{"line":159,"column":2},"end":{"line":161,"column":3}}],"line":159},"16":{"loc":{"start":{"line":162,"column":2},"end":{"line":170,"column":3}},"type":"if","locations":[{"start":{"line":162,"column":2},"end":{"line":170,"column":3}},{"start":{"line":162,"column":2},"end":{"line":170,"column":3}}],"line":162},"17":{"loc":{"start":{"line":165,"column":6},"end":{"line":167,"column":7}},"type":"if","locations":[{"start":{"line":165,"column":6},"end":{"line":167,"column":7}},{"start":{"line":165,"column":6},"end":{"line":167,"column":7}}],"line":165},"18":{"loc":{"start":{"line":171,"column":2},"end":{"line":178,"column":3}},"type":"if","locations":[{"start":{"line":171,"column":2},"end":{"line":178,"column":3}},{"start":{"line":171,"column":2},"end":{"line":178,"column":3}}],"line":171},"19":{"loc":{"start":{"line":173,"column":6},"end":{"line":175,"column":7}},"type":"if","locations":[{"start":{"line":173,"column":6},"end":{"line":175,"column":7}},{"start":{"line":173,"column":6},"end":{"line":175,"column":7}}],"line":173},"20":{"loc":{"start":{"line":199,"column":2},"end":{"line":229,"column":3}},"type":"if","locations":[{"start":{"line":199,"column":2},"end":{"line":229,"column":3}},{"start":{"line":199,"column":2},"end":{"line":229,"column":3}}],"line":199},"21":{"loc":{"start":{"line":199,"column":5},"end":{"line":199,"column":42}},"type":"binary-expr","locations":[{"start":{"line":199,"column":5},"end":{"line":199,"column":21}},{"start":{"line":199,"column":25},"end":{"line":199,"column":42}}],"line":199},"22":{"loc":{"start":{"line":207,"column":4},"end":{"line":209,"column":5}},"type":"if","locations":[{"start":{"line":207,"column":4},"end":{"line":209,"column":5}},{"start":{"line":207,"column":4},"end":{"line":209,"column":5}}],"line":207},"23":{"loc":{"start":{"line":210,"column":4},"end":{"line":218,"column":5}},"type":"if","locations":[{"start":{"line":210,"column":4},"end":{"line":218,"column":5}},{"start":{"line":210,"column":4},"end":{"line":218,"column":5}}],"line":210},"24":{"loc":{"start":{"line":213,"column":8},"end":{"line":215,"column":9}},"type":"if","locations":[{"start":{"line":213,"column":8},"end":{"line":215,"column":9}},{"start":{"line":213,"column":8},"end":{"line":215,"column":9}}],"line":213},"25":{"loc":{"start":{"line":219,"column":4},"end":{"line":226,"column":5}},"type":"if","locations":[{"start":{"line":219,"column":4},"end":{"line":226,"column":5}},{"start":{"line":219,"column":4},"end":{"line":226,"column":5}}],"line":219},"26":{"loc":{"start":{"line":221,"column":8},"end":{"line":223,"column":9}},"type":"if","locations":[{"start":{"line":221,"column":8},"end":{"line":223,"column":9}},{"start":{"line":221,"column":8},"end":{"line":223,"column":9}}],"line":221},"27":{"loc":{"start":{"line":242,"column":2},"end":{"line":244,"column":3}},"type":"if","locations":[{"start":{"line":242,"column":2},"end":{"line":244,"column":3}},{"start":{"line":242,"column":2},"end":{"line":244,"column":3}}],"line":242},"28":{"loc":{"start":{"line":245,"column":2},"end":{"line":248,"column":3}},"type":"if","locations":[{"start":{"line":245,"column":2},"end":{"line":248,"column":3}},{"start":{"line":245,"column":2},"end":{"line":248,"column":3}}],"line":245},"29":{"loc":{"start":{"line":249,"column":2},"end":{"line":252,"column":3}},"type":"if","locations":[{"start":{"line":249,"column":2},"end":{"line":252,"column":3}},{"start":{"line":249,"column":2},"end":{"line":252,"column":3}}],"line":249},"30":{"loc":{"start":{"line":265,"column":84},"end":{"line":265,"column":112}},"type":"cond-expr","locations":[{"start":{"line":265,"column":96},"end":{"line":265,"column":103}},{"start":{"line":265,"column":106},"end":{"line":265,"column":112}}],"line":265},"31":{"loc":{"start":{"line":266,"column":78},"end":{"line":266,"column":106}},"type":"cond-expr","locations":[{"start":{"line":266,"column":90},"end":{"line":266,"column":96}},{"start":{"line":266,"column":99},"end":{"line":266,"column":106}}],"line":266},"32":{"loc":{"start":{"line":273,"column":73},"end":{"line":273,"column":103}},"type":"cond-expr","locations":[{"start":{"line":273,"column":84},"end":{"line":273,"column":98}},{"start":{"line":273,"column":101},"end":{"line":273,"column":103}}],"line":273},"33":{"loc":{"start":{"line":281,"column":11},"end":{"line":281,"column":43}},"type":"cond-expr","locations":[{"start":{"line":281,"column":22},"end":{"line":281,"column":30}},{"start":{"line":281,"column":33},"end":{"line":281,"column":43}}],"line":281}},"s":{"0":11,"1":11,"2":11,"3":11,"4":11,"5":11,"6":11,"7":11,"8":1,"9":1,"10":11,"11":1,"12":1,"13":1,"14":26,"15":26,"16":17,"17":26,"18":26,"19":14,"20":26,"21":26,"22":3,"23":26,"24":26,"25":17,"26":26,"27":26,"28":17,"29":26,"30":17,"31":2,"32":2,"33":0,"34":2,"35":2,"36":2,"37":2,"38":2,"39":1,"40":1,"41":1,"42":1,"43":1,"44":0,"45":0,"46":0,"47":1,"48":0,"49":0,"50":0,"51":1,"52":1,"53":11,"54":1,"55":0,"56":1,"57":1,"58":1,"59":1,"60":1,"61":1,"62":1,"63":0,"64":0,"65":2,"66":2,"67":2,"68":2,"69":2,"70":2,"71":2,"72":2,"73":2,"74":0,"75":0,"76":0,"77":0,"78":2,"79":0,"80":0,"81":0,"82":0,"83":2,"84":2,"85":2,"86":2,"87":2,"88":1,"89":1,"90":1,"91":1,"92":1,"93":1,"94":1,"95":1,"96":1,"97":0,"98":0,"99":0,"100":0,"101":1,"102":0,"103":0,"104":0,"105":0,"106":1,"107":1,"108":1,"109":1,"110":1,"111":2,"112":2,"113":2,"114":2,"115":2,"116":2,"117":2,"118":2,"119":2,"120":2,"121":2,"122":2,"123":2,"124":2,"125":2,"126":0,"127":0,"128":0,"129":0,"130":2,"131":0,"132":0,"133":0,"134":0,"135":2,"136":2,"137":11,"138":4,"139":12,"140":4,"141":4,"142":4,"143":13,"144":9,"145":13,"146":2,"147":0,"148":2,"149":13,"150":2,"151":0,"152":2,"153":13,"154":25,"155":25,"156":15,"157":15,"158":15,"159":15,"160":15,"161":11,"162":11,"163":11,"164":11,"165":11,"166":11,"167":11,"168":11},"f":{"0":1,"1":1,"2":26,"3":17,"4":14,"5":3,"6":17,"7":17,"8":17,"9":2,"10":1,"11":0,"12":0,"13":1,"14":2,"15":0,"16":0,"17":1,"18":0,"19":0,"20":2,"21":2,"22":0,"23":0,"24":4,"25":12,"26":13,"27":0,"28":0,"29":25,"30":15,"31":11},"b":{"0":[11,1],"1":[1,0],"2":[0,2],"3":[1,0],"4":[0,1],"5":[0,0],"6":[0,1],"7":[0,0],"8":[0,1],"9":[1,0],"10":[2,0],"11":[0,2],"12":[0,0],"13":[0,2],"14":[0,0],"15":[1,0],"16":[0,1],"17":[0,0],"18":[0,1],"19":[0,0],"20":[2,0],"21":[2,1],"22":[2,0],"23":[0,2],"24":[0,0],"25":[0,2],"26":[0,0],"27":[9,4],"28":[2,11],"29":[2,11],"30":[12,3],"31":[12,3],"32":[3,12],"33":[3,12]},"_coverageSchema":"1a1c01bbd47fc00a2c39e90264f33305004495a9","hash":"548924ad8b5bd1a966e29222d4ee8116019181af"}
}
