{"/Users/penghua/Documents/前端/SideProject/JSTodoList/js/todo.js": {"path":"/Users/penghua/Documents/前端/SideProject/JSTodoList/js/todo.js","statementMap":{"0":{"start":{"line":5,"column":21},"end":{"line":5,"column":75}},"1":{"start":{"line":6,"column":20},"end":{"line":6,"column":22}},"2":{"start":{"line":7,"column":18},"end":{"line":7,"column":20}},"3":{"start":{"line":8,"column":14},"end":{"line":8,"column":16}},"4":{"start":{"line":9,"column":20},"end":{"line":9,"column":24}},"5":{"start":{"line":19,"column":2},"end":{"line":19,"column":24}},"6":{"start":{"line":21,"column":0},"end":{"line":21,"column":20}},"7":{"start":{"line":24,"column":0},"end":{"line":24,"column":74}},"8":{"start":{"line":26,"column":2},"end":{"line":26,"column":12}},"9":{"start":{"line":27,"column":2},"end":{"line":27,"column":22}},"10":{"start":{"line":30,"column":0},"end":{"line":30,"column":89}},"11":{"start":{"line":33,"column":2},"end":{"line":36,"column":3}},"12":{"start":{"line":34,"column":4},"end":{"line":34,"column":14}},"13":{"start":{"line":35,"column":4},"end":{"line":35,"column":24}},"14":{"start":{"line":42,"column":20},"end":{"line":42,"column":61}},"15":{"start":{"line":43,"column":2},"end":{"line":43,"column":74}},"16":{"start":{"line":43,"column":30},"end":{"line":43,"column":72}},"17":{"start":{"line":45,"column":16},"end":{"line":45,"column":52}},"18":{"start":{"line":46,"column":2},"end":{"line":46,"column":76}},"19":{"start":{"line":46,"column":28},"end":{"line":46,"column":74}},"20":{"start":{"line":48,"column":14},"end":{"line":48,"column":48}},"21":{"start":{"line":49,"column":2},"end":{"line":49,"column":77}},"22":{"start":{"line":49,"column":24},"end":{"line":49,"column":75}},"23":{"start":{"line":51,"column":20},"end":{"line":51,"column":62}},"24":{"start":{"line":52,"column":2},"end":{"line":52,"column":88}},"25":{"start":{"line":52,"column":33},"end":{"line":52,"column":86}},"26":{"start":{"line":54,"column":17},"end":{"line":54,"column":55}},"27":{"start":{"line":55,"column":2},"end":{"line":55,"column":78}},"28":{"start":{"line":55,"column":27},"end":{"line":55,"column":76}},"29":{"start":{"line":56,"column":2},"end":{"line":56,"column":77}},"30":{"start":{"line":56,"column":27},"end":{"line":56,"column":75}},"31":{"start":{"line":62,"column":18},"end":{"line":62,"column":67}},"32":{"start":{"line":63,"column":2},"end":{"line":63,"column":30}},"33":{"start":{"line":63,"column":23},"end":{"line":63,"column":30}},"34":{"start":{"line":64,"column":2},"end":{"line":68,"column":4}},"35":{"start":{"line":69,"column":2},"end":{"line":69,"column":28}},"36":{"start":{"line":70,"column":2},"end":{"line":70,"column":68}},"37":{"start":{"line":71,"column":2},"end":{"line":71,"column":29}},"38":{"start":{"line":72,"column":2},"end":{"line":72,"column":57}},"39":{"start":{"line":77,"column":15},"end":{"line":77,"column":66}},"40":{"start":{"line":78,"column":11},"end":{"line":78,"column":56}},"41":{"start":{"line":79,"column":2},"end":{"line":81,"column":3}},"42":{"start":{"line":80,"column":4},"end":{"line":80,"column":34}},"43":{"start":{"line":82,"column":2},"end":{"line":89,"column":3}},"44":{"start":{"line":84,"column":4},"end":{"line":88,"column":6}},"45":{"start":{"line":85,"column":6},"end":{"line":87,"column":7}},"46":{"start":{"line":86,"column":8},"end":{"line":86,"column":37}},"47":{"start":{"line":90,"column":2},"end":{"line":96,"column":3}},"48":{"start":{"line":91,"column":4},"end":{"line":95,"column":6}},"49":{"start":{"line":92,"column":6},"end":{"line":94,"column":7}},"50":{"start":{"line":93,"column":8},"end":{"line":93,"column":37}},"51":{"start":{"line":97,"column":2},"end":{"line":97,"column":68}},"52":{"start":{"line":98,"column":2},"end":{"line":98,"column":29}},"53":{"start":{"line":101,"column":0},"end":{"line":101,"column":77}},"54":{"start":{"line":104,"column":2},"end":{"line":106,"column":3}},"55":{"start":{"line":105,"column":4},"end":{"line":105,"column":31}},"56":{"start":{"line":108,"column":22},"end":{"line":108,"column":47}},"57":{"start":{"line":109,"column":2},"end":{"line":120,"column":3}},"58":{"start":{"line":112,"column":4},"end":{"line":112,"column":24}},"59":{"start":{"line":113,"column":4},"end":{"line":113,"column":26}},"60":{"start":{"line":114,"column":4},"end":{"line":114,"column":26}},"61":{"start":{"line":115,"column":4},"end":{"line":115,"column":69}},"62":{"start":{"line":118,"column":4},"end":{"line":118,"column":26}},"63":{"start":{"line":119,"column":4},"end":{"line":119,"column":24}},"64":{"start":{"line":124,"column":2},"end":{"line":124,"column":29}},"65":{"start":{"line":126,"column":15},"end":{"line":126,"column":30}},"66":{"start":{"line":127,"column":13},"end":{"line":127,"column":51}},"67":{"start":{"line":128,"column":15},"end":{"line":128,"column":66}},"68":{"start":{"line":129,"column":11},"end":{"line":129,"column":56}},"69":{"start":{"line":130,"column":27},"end":{"line":130,"column":65}},"70":{"start":{"line":132,"column":2},"end":{"line":134,"column":3}},"71":{"start":{"line":133,"column":4},"end":{"line":133,"column":36}},"72":{"start":{"line":135,"column":2},"end":{"line":143,"column":3}},"73":{"start":{"line":137,"column":4},"end":{"line":141,"column":6}},"74":{"start":{"line":138,"column":6},"end":{"line":140,"column":7}},"75":{"start":{"line":139,"column":8},"end":{"line":139,"column":25}},"76":{"start":{"line":142,"column":4},"end":{"line":142,"column":38}},"77":{"start":{"line":144,"column":2},"end":{"line":151,"column":3}},"78":{"start":{"line":145,"column":4},"end":{"line":149,"column":6}},"79":{"start":{"line":146,"column":6},"end":{"line":148,"column":7}},"80":{"start":{"line":147,"column":8},"end":{"line":147,"column":25}},"81":{"start":{"line":150,"column":4},"end":{"line":150,"column":36}},"82":{"start":{"line":152,"column":2},"end":{"line":152,"column":32}},"83":{"start":{"line":153,"column":2},"end":{"line":153,"column":31}},"84":{"start":{"line":154,"column":2},"end":{"line":154,"column":51}},"85":{"start":{"line":155,"column":2},"end":{"line":155,"column":67}},"86":{"start":{"line":156,"column":2},"end":{"line":156,"column":29}},"87":{"start":{"line":160,"column":2},"end":{"line":160,"column":29}},"88":{"start":{"line":161,"column":13},"end":{"line":161,"column":28}},"89":{"start":{"line":162,"column":15},"end":{"line":162,"column":53}},"90":{"start":{"line":163,"column":15},"end":{"line":163,"column":66}},"91":{"start":{"line":164,"column":27},"end":{"line":164,"column":65}},"92":{"start":{"line":165,"column":11},"end":{"line":165,"column":56}},"93":{"start":{"line":167,"column":2},"end":{"line":169,"column":3}},"94":{"start":{"line":168,"column":4},"end":{"line":168,"column":37}},"95":{"start":{"line":170,"column":2},"end":{"line":178,"column":3}},"96":{"start":{"line":172,"column":4},"end":{"line":176,"column":6}},"97":{"start":{"line":173,"column":6},"end":{"line":175,"column":7}},"98":{"start":{"line":174,"column":8},"end":{"line":174,"column":26}},"99":{"start":{"line":177,"column":4},"end":{"line":177,"column":39}},"100":{"start":{"line":179,"column":2},"end":{"line":186,"column":3}},"101":{"start":{"line":180,"column":4},"end":{"line":184,"column":6}},"102":{"start":{"line":181,"column":6},"end":{"line":183,"column":7}},"103":{"start":{"line":182,"column":8},"end":{"line":182,"column":26}},"104":{"start":{"line":185,"column":4},"end":{"line":185,"column":37}},"105":{"start":{"line":187,"column":2},"end":{"line":187,"column":33}},"106":{"start":{"line":188,"column":2},"end":{"line":188,"column":30}},"107":{"start":{"line":189,"column":2},"end":{"line":189,"column":54}},"108":{"start":{"line":190,"column":2},"end":{"line":190,"column":67}},"109":{"start":{"line":191,"column":2},"end":{"line":191,"column":29}},"110":{"start":{"line":197,"column":15},"end":{"line":197,"column":42}},"111":{"start":{"line":198,"column":16},"end":{"line":198,"column":43}},"112":{"start":{"line":199,"column":2},"end":{"line":199,"column":30}},"113":{"start":{"line":200,"column":2},"end":{"line":200,"column":32}},"114":{"start":{"line":201,"column":2},"end":{"line":201,"column":33}},"115":{"start":{"line":207,"column":2},"end":{"line":237,"column":3}},"116":{"start":{"line":208,"column":28},"end":{"line":208,"column":66}},"117":{"start":{"line":209,"column":18},"end":{"line":209,"column":33}},"118":{"start":{"line":210,"column":19},"end":{"line":210,"column":40}},"119":{"start":{"line":211,"column":4},"end":{"line":211,"column":43}},"120":{"start":{"line":212,"column":19},"end":{"line":212,"column":81}},"121":{"start":{"line":213,"column":13},"end":{"line":213,"column":69}},"122":{"start":{"line":215,"column":4},"end":{"line":217,"column":5}},"123":{"start":{"line":216,"column":6},"end":{"line":216,"column":42}},"124":{"start":{"line":218,"column":4},"end":{"line":226,"column":5}},"125":{"start":{"line":220,"column":6},"end":{"line":224,"column":8}},"126":{"start":{"line":221,"column":8},"end":{"line":223,"column":9}},"127":{"start":{"line":222,"column":10},"end":{"line":222,"column":31}},"128":{"start":{"line":225,"column":6},"end":{"line":225,"column":44}},"129":{"start":{"line":227,"column":4},"end":{"line":234,"column":5}},"130":{"start":{"line":228,"column":6},"end":{"line":232,"column":8}},"131":{"start":{"line":229,"column":8},"end":{"line":231,"column":9}},"132":{"start":{"line":230,"column":10},"end":{"line":230,"column":31}},"133":{"start":{"line":233,"column":6},"end":{"line":233,"column":42}},"134":{"start":{"line":235,"column":4},"end":{"line":235,"column":44}},"135":{"start":{"line":236,"column":4},"end":{"line":236,"column":33}},"136":{"start":{"line":240,"column":0},"end":{"line":240,"column":79}},"137":{"start":{"line":242,"column":2},"end":{"line":242,"column":100}},"138":{"start":{"line":242,"column":64},"end":{"line":242,"column":98}},"139":{"start":{"line":243,"column":2},"end":{"line":243,"column":36}},"140":{"start":{"line":244,"column":2},"end":{"line":244,"column":39}},"141":{"start":{"line":245,"column":2},"end":{"line":245,"column":29}},"142":{"start":{"line":250,"column":2},"end":{"line":252,"column":3}},"143":{"start":{"line":251,"column":4},"end":{"line":251,"column":26}},"144":{"start":{"line":253,"column":2},"end":{"line":256,"column":3}},"145":{"start":{"line":254,"column":4},"end":{"line":254,"column":68}},"146":{"start":{"line":254,"column":47},"end":{"line":254,"column":66}},"147":{"start":{"line":255,"column":4},"end":{"line":255,"column":28}},"148":{"start":{"line":257,"column":2},"end":{"line":260,"column":3}},"149":{"start":{"line":258,"column":4},"end":{"line":258,"column":65}},"150":{"start":{"line":258,"column":45},"end":{"line":258,"column":63}},"151":{"start":{"line":259,"column":4},"end":{"line":259,"column":26}},"152":{"start":{"line":261,"column":2},"end":{"line":261,"column":22}},"153":{"start":{"line":268,"column":23},"end":{"line":268,"column":59}},"154":{"start":{"line":269,"column":2},"end":{"line":301,"column":14}},"155":{"start":{"line":273,"column":23},"end":{"line":273,"column":124}},"156":{"start":{"line":274,"column":21},"end":{"line":279,"column":9}},"157":{"start":{"line":281,"column":17},"end":{"line":284,"column":11}},"158":{"start":{"line":287,"column":14},"end":{"line":298,"column":5}},"159":{"start":{"line":300,"column":4},"end":{"line":300,"column":15}},"160":{"start":{"line":307,"column":0},"end":{"line":316,"column":5}},"161":{"start":{"line":308,"column":15},"end":{"line":308,"column":93}},"162":{"start":{"line":309,"column":17},"end":{"line":309,"column":126}},"163":{"start":{"line":310,"column":19},"end":{"line":310,"column":38}},"164":{"start":{"line":311,"column":21},"end":{"line":311,"column":42}},"165":{"start":{"line":312,"column":20},"end":{"line":312,"column":40}},"166":{"start":{"line":314,"column":12},"end":{"line":314,"column":94}},"167":{"start":{"line":315,"column":2},"end":{"line":315,"column":50}}},"fnMap":{"0":{"name":"clickToAddTask","decl":{"start":{"line":25,"column":9},"end":{"line":25,"column":23}},"loc":{"start":{"line":25,"column":27},"end":{"line":28,"column":1}},"line":25},"1":{"name":"keyupToAddTask","decl":{"start":{"line":32,"column":9},"end":{"line":32,"column":23}},"loc":{"start":{"line":32,"column":27},"end":{"line":37,"column":1}},"line":32},"2":{"name":"addListenerToTask","decl":{"start":{"line":40,"column":9},"end":{"line":40,"column":26}},"loc":{"start":{"line":40,"column":29},"end":{"line":58,"column":1}},"line":40},"3":{"name":"(anonymous_3)","decl":{"start":{"line":43,"column":22},"end":{"line":43,"column":23}},"loc":{"start":{"line":43,"column":30},"end":{"line":43,"column":72}},"line":43},"4":{"name":"(anonymous_4)","decl":{"start":{"line":46,"column":18},"end":{"line":46,"column":19}},"loc":{"start":{"line":46,"column":28},"end":{"line":46,"column":74}},"line":46},"5":{"name":"(anonymous_5)","decl":{"start":{"line":49,"column":16},"end":{"line":49,"column":17}},"loc":{"start":{"line":49,"column":24},"end":{"line":49,"column":75}},"line":49},"6":{"name":"(anonymous_6)","decl":{"start":{"line":52,"column":22},"end":{"line":52,"column":23}},"loc":{"start":{"line":52,"column":33},"end":{"line":52,"column":86}},"line":52},"7":{"name":"(anonymous_7)","decl":{"start":{"line":55,"column":19},"end":{"line":55,"column":20}},"loc":{"start":{"line":55,"column":27},"end":{"line":55,"column":76}},"line":55},"8":{"name":"(anonymous_8)","decl":{"start":{"line":56,"column":19},"end":{"line":56,"column":20}},"loc":{"start":{"line":56,"column":27},"end":{"line":56,"column":75}},"line":56},"9":{"name":"addTask","decl":{"start":{"line":60,"column":9},"end":{"line":60,"column":16}},"loc":{"start":{"line":60,"column":20},"end":{"line":73,"column":1}},"line":60},"10":{"name":"deleteTask","decl":{"start":{"line":75,"column":9},"end":{"line":75,"column":19}},"loc":{"start":{"line":75,"column":23},"end":{"line":99,"column":1}},"line":75},"11":{"name":"(anonymous_11)","decl":{"start":{"line":84,"column":24},"end":{"line":84,"column":25}},"loc":{"start":{"line":84,"column":41},"end":{"line":88,"column":5}},"line":84},"12":{"name":"(anonymous_12)","decl":{"start":{"line":91,"column":24},"end":{"line":91,"column":25}},"loc":{"start":{"line":91,"column":41},"end":{"line":95,"column":5}},"line":91},"13":{"name":"deleteAllTasks","decl":{"start":{"line":102,"column":9},"end":{"line":102,"column":23}},"loc":{"start":{"line":102,"column":27},"end":{"line":121,"column":1}},"line":102},"14":{"name":"completeTask","decl":{"start":{"line":123,"column":9},"end":{"line":123,"column":21}},"loc":{"start":{"line":123,"column":25},"end":{"line":157,"column":1}},"line":123},"15":{"name":"(anonymous_15)","decl":{"start":{"line":137,"column":24},"end":{"line":137,"column":25}},"loc":{"start":{"line":137,"column":32},"end":{"line":141,"column":5}},"line":137},"16":{"name":"(anonymous_16)","decl":{"start":{"line":145,"column":24},"end":{"line":145,"column":25}},"loc":{"start":{"line":145,"column":32},"end":{"line":149,"column":5}},"line":145},"17":{"name":"cancelCompletedTask","decl":{"start":{"line":159,"column":9},"end":{"line":159,"column":28}},"loc":{"start":{"line":159,"column":32},"end":{"line":192,"column":1}},"line":159},"18":{"name":"(anonymous_18)","decl":{"start":{"line":172,"column":24},"end":{"line":172,"column":25}},"loc":{"start":{"line":172,"column":32},"end":{"line":176,"column":5}},"line":172},"19":{"name":"(anonymous_19)","decl":{"start":{"line":180,"column":24},"end":{"line":180,"column":25}},"loc":{"start":{"line":180,"column":32},"end":{"line":184,"column":5}},"line":180},"20":{"name":"editTaskContent","decl":{"start":{"line":194,"column":9},"end":{"line":194,"column":24}},"loc":{"start":{"line":194,"column":28},"end":{"line":202,"column":1}},"line":194},"21":{"name":"updateTaskContent","decl":{"start":{"line":204,"column":9},"end":{"line":204,"column":26}},"loc":{"start":{"line":204,"column":30},"end":{"line":238,"column":1}},"line":204},"22":{"name":"(anonymous_22)","decl":{"start":{"line":220,"column":26},"end":{"line":220,"column":27}},"loc":{"start":{"line":220,"column":34},"end":{"line":224,"column":7}},"line":220},"23":{"name":"(anonymous_23)","decl":{"start":{"line":228,"column":26},"end":{"line":228,"column":27}},"loc":{"start":{"line":228,"column":34},"end":{"line":232,"column":7}},"line":228},"24":{"name":"changeStatus","decl":{"start":{"line":241,"column":9},"end":{"line":241,"column":21}},"loc":{"start":{"line":241,"column":25},"end":{"line":246,"column":1}},"line":241},"25":{"name":"(anonymous_25)","decl":{"start":{"line":242,"column":54},"end":{"line":242,"column":55}},"loc":{"start":{"line":242,"column":64},"end":{"line":242,"column":98}},"line":242},"26":{"name":"filterTasks","decl":{"start":{"line":248,"column":9},"end":{"line":248,"column":20}},"loc":{"start":{"line":248,"column":36},"end":{"line":262,"column":1}},"line":248},"27":{"name":"(anonymous_27)","decl":{"start":{"line":254,"column":39},"end":{"line":254,"column":40}},"loc":{"start":{"line":254,"column":47},"end":{"line":254,"column":66}},"line":254},"28":{"name":"(anonymous_28)","decl":{"start":{"line":258,"column":37},"end":{"line":258,"column":38}},"loc":{"start":{"line":258,"column":45},"end":{"line":258,"column":63}},"line":258},"29":{"name":"taskList","decl":{"start":{"line":267,"column":9},"end":{"line":267,"column":17}},"loc":{"start":{"line":267,"column":28},"end":{"line":303,"column":1}},"line":267},"30":{"name":"(anonymous_30)","decl":{"start":{"line":269,"column":40},"end":{"line":269,"column":41}},"loc":{"start":{"line":269,"column":56},"end":{"line":301,"column":3}},"line":269},"31":{"name":"getDate","decl":{"start":{"line":307,"column":10},"end":{"line":307,"column":17}},"loc":{"start":{"line":307,"column":20},"end":{"line":316,"column":1}},"line":307}},"branchMap":{"0":{"loc":{"start":{"line":5,"column":21},"end":{"line":5,"column":75}},"type":"binary-expr","locations":[{"start":{"line":5,"column":21},"end":{"line":5,"column":69}},{"start":{"line":5,"column":73},"end":{"line":5,"column":75}}],"line":5},"1":{"loc":{"start":{"line":33,"column":2},"end":{"line":36,"column":3}},"type":"if","locations":[{"start":{"line":33,"column":2},"end":{"line":36,"column":3}},{"start":{"line":33,"column":2},"end":{"line":36,"column":3}}],"line":33},"2":{"loc":{"start":{"line":63,"column":2},"end":{"line":63,"column":30}},"type":"if","locations":[{"start":{"line":63,"column":2},"end":{"line":63,"column":30}},{"start":{"line":63,"column":2},"end":{"line":63,"column":30}}],"line":63},"3":{"loc":{"start":{"line":79,"column":2},"end":{"line":81,"column":3}},"type":"if","locations":[{"start":{"line":79,"column":2},"end":{"line":81,"column":3}},{"start":{"line":79,"column":2},"end":{"line":81,"column":3}}],"line":79},"4":{"loc":{"start":{"line":82,"column":2},"end":{"line":89,"column":3}},"type":"if","locations":[{"start":{"line":82,"column":2},"end":{"line":89,"column":3}},{"start":{"line":82,"column":2},"end":{"line":89,"column":3}}],"line":82},"5":{"loc":{"start":{"line":85,"column":6},"end":{"line":87,"column":7}},"type":"if","locations":[{"start":{"line":85,"column":6},"end":{"line":87,"column":7}},{"start":{"line":85,"column":6},"end":{"line":87,"column":7}}],"line":85},"6":{"loc":{"start":{"line":90,"column":2},"end":{"line":96,"column":3}},"type":"if","locations":[{"start":{"line":90,"column":2},"end":{"line":96,"column":3}},{"start":{"line":90,"column":2},"end":{"line":96,"column":3}}],"line":90},"7":{"loc":{"start":{"line":92,"column":6},"end":{"line":94,"column":7}},"type":"if","locations":[{"start":{"line":92,"column":6},"end":{"line":94,"column":7}},{"start":{"line":92,"column":6},"end":{"line":94,"column":7}}],"line":92},"8":{"loc":{"start":{"line":104,"column":2},"end":{"line":106,"column":3}},"type":"if","locations":[{"start":{"line":104,"column":2},"end":{"line":106,"column":3}},{"start":{"line":104,"column":2},"end":{"line":106,"column":3}}],"line":104},"9":{"loc":{"start":{"line":109,"column":2},"end":{"line":120,"column":3}},"type":"if","locations":[{"start":{"line":109,"column":2},"end":{"line":120,"column":3}},{"start":{"line":109,"column":2},"end":{"line":120,"column":3}}],"line":109},"10":{"loc":{"start":{"line":132,"column":2},"end":{"line":134,"column":3}},"type":"if","locations":[{"start":{"line":132,"column":2},"end":{"line":134,"column":3}},{"start":{"line":132,"column":2},"end":{"line":134,"column":3}}],"line":132},"11":{"loc":{"start":{"line":135,"column":2},"end":{"line":143,"column":3}},"type":"if","locations":[{"start":{"line":135,"column":2},"end":{"line":143,"column":3}},{"start":{"line":135,"column":2},"end":{"line":143,"column":3}}],"line":135},"12":{"loc":{"start":{"line":138,"column":6},"end":{"line":140,"column":7}},"type":"if","locations":[{"start":{"line":138,"column":6},"end":{"line":140,"column":7}},{"start":{"line":138,"column":6},"end":{"line":140,"column":7}}],"line":138},"13":{"loc":{"start":{"line":144,"column":2},"end":{"line":151,"column":3}},"type":"if","locations":[{"start":{"line":144,"column":2},"end":{"line":151,"column":3}},{"start":{"line":144,"column":2},"end":{"line":151,"column":3}}],"line":144},"14":{"loc":{"start":{"line":146,"column":6},"end":{"line":148,"column":7}},"type":"if","locations":[{"start":{"line":146,"column":6},"end":{"line":148,"column":7}},{"start":{"line":146,"column":6},"end":{"line":148,"column":7}}],"line":146},"15":{"loc":{"start":{"line":167,"column":2},"end":{"line":169,"column":3}},"type":"if","locations":[{"start":{"line":167,"column":2},"end":{"line":169,"column":3}},{"start":{"line":167,"column":2},"end":{"line":169,"column":3}}],"line":167},"16":{"loc":{"start":{"line":170,"column":2},"end":{"line":178,"column":3}},"type":"if","locations":[{"start":{"line":170,"column":2},"end":{"line":178,"column":3}},{"start":{"line":170,"column":2},"end":{"line":178,"column":3}}],"line":170},"17":{"loc":{"start":{"line":173,"column":6},"end":{"line":175,"column":7}},"type":"if","locations":[{"start":{"line":173,"column":6},"end":{"line":175,"column":7}},{"start":{"line":173,"column":6},"end":{"line":175,"column":7}}],"line":173},"18":{"loc":{"start":{"line":179,"column":2},"end":{"line":186,"column":3}},"type":"if","locations":[{"start":{"line":179,"column":2},"end":{"line":186,"column":3}},{"start":{"line":179,"column":2},"end":{"line":186,"column":3}}],"line":179},"19":{"loc":{"start":{"line":181,"column":6},"end":{"line":183,"column":7}},"type":"if","locations":[{"start":{"line":181,"column":6},"end":{"line":183,"column":7}},{"start":{"line":181,"column":6},"end":{"line":183,"column":7}}],"line":181},"20":{"loc":{"start":{"line":207,"column":2},"end":{"line":237,"column":3}},"type":"if","locations":[{"start":{"line":207,"column":2},"end":{"line":237,"column":3}},{"start":{"line":207,"column":2},"end":{"line":237,"column":3}}],"line":207},"21":{"loc":{"start":{"line":207,"column":5},"end":{"line":207,"column":42}},"type":"binary-expr","locations":[{"start":{"line":207,"column":5},"end":{"line":207,"column":21}},{"start":{"line":207,"column":25},"end":{"line":207,"column":42}}],"line":207},"22":{"loc":{"start":{"line":215,"column":4},"end":{"line":217,"column":5}},"type":"if","locations":[{"start":{"line":215,"column":4},"end":{"line":217,"column":5}},{"start":{"line":215,"column":4},"end":{"line":217,"column":5}}],"line":215},"23":{"loc":{"start":{"line":218,"column":4},"end":{"line":226,"column":5}},"type":"if","locations":[{"start":{"line":218,"column":4},"end":{"line":226,"column":5}},{"start":{"line":218,"column":4},"end":{"line":226,"column":5}}],"line":218},"24":{"loc":{"start":{"line":221,"column":8},"end":{"line":223,"column":9}},"type":"if","locations":[{"start":{"line":221,"column":8},"end":{"line":223,"column":9}},{"start":{"line":221,"column":8},"end":{"line":223,"column":9}}],"line":221},"25":{"loc":{"start":{"line":227,"column":4},"end":{"line":234,"column":5}},"type":"if","locations":[{"start":{"line":227,"column":4},"end":{"line":234,"column":5}},{"start":{"line":227,"column":4},"end":{"line":234,"column":5}}],"line":227},"26":{"loc":{"start":{"line":229,"column":8},"end":{"line":231,"column":9}},"type":"if","locations":[{"start":{"line":229,"column":8},"end":{"line":231,"column":9}},{"start":{"line":229,"column":8},"end":{"line":231,"column":9}}],"line":229},"27":{"loc":{"start":{"line":250,"column":2},"end":{"line":252,"column":3}},"type":"if","locations":[{"start":{"line":250,"column":2},"end":{"line":252,"column":3}},{"start":{"line":250,"column":2},"end":{"line":252,"column":3}}],"line":250},"28":{"loc":{"start":{"line":253,"column":2},"end":{"line":256,"column":3}},"type":"if","locations":[{"start":{"line":253,"column":2},"end":{"line":256,"column":3}},{"start":{"line":253,"column":2},"end":{"line":256,"column":3}}],"line":253},"29":{"loc":{"start":{"line":257,"column":2},"end":{"line":260,"column":3}},"type":"if","locations":[{"start":{"line":257,"column":2},"end":{"line":260,"column":3}},{"start":{"line":257,"column":2},"end":{"line":260,"column":3}}],"line":257},"30":{"loc":{"start":{"line":273,"column":84},"end":{"line":273,"column":112}},"type":"cond-expr","locations":[{"start":{"line":273,"column":96},"end":{"line":273,"column":103}},{"start":{"line":273,"column":106},"end":{"line":273,"column":112}}],"line":273},"31":{"loc":{"start":{"line":274,"column":78},"end":{"line":274,"column":106}},"type":"cond-expr","locations":[{"start":{"line":274,"column":90},"end":{"line":274,"column":96}},{"start":{"line":274,"column":99},"end":{"line":274,"column":106}}],"line":274},"32":{"loc":{"start":{"line":281,"column":73},"end":{"line":281,"column":103}},"type":"cond-expr","locations":[{"start":{"line":281,"column":84},"end":{"line":281,"column":98}},{"start":{"line":281,"column":101},"end":{"line":281,"column":103}}],"line":281},"33":{"loc":{"start":{"line":289,"column":11},"end":{"line":289,"column":43}},"type":"cond-expr","locations":[{"start":{"line":289,"column":22},"end":{"line":289,"column":30}},{"start":{"line":289,"column":33},"end":{"line":289,"column":43}}],"line":289}},"s":{"0":11,"1":11,"2":11,"3":11,"4":11,"5":11,"6":11,"7":11,"8":1,"9":1,"10":11,"11":1,"12":1,"13":1,"14":26,"15":26,"16":17,"17":26,"18":26,"19":14,"20":26,"21":26,"22":3,"23":26,"24":26,"25":17,"26":26,"27":26,"28":17,"29":26,"30":17,"31":2,"32":2,"33":0,"34":2,"35":2,"36":2,"37":2,"38":2,"39":1,"40":1,"41":1,"42":1,"43":1,"44":0,"45":0,"46":0,"47":1,"48":0,"49":0,"50":0,"51":1,"52":1,"53":11,"54":1,"55":0,"56":1,"57":1,"58":1,"59":1,"60":1,"61":1,"62":0,"63":0,"64":2,"65":2,"66":2,"67":2,"68":2,"69":2,"70":2,"71":2,"72":2,"73":0,"74":0,"75":0,"76":0,"77":2,"78":0,"79":0,"80":0,"81":0,"82":2,"83":2,"84":2,"85":2,"86":2,"87":1,"88":1,"89":1,"90":1,"91":1,"92":1,"93":1,"94":1,"95":1,"96":0,"97":0,"98":0,"99":0,"100":1,"101":0,"102":0,"103":0,"104":0,"105":1,"106":1,"107":1,"108":1,"109":1,"110":2,"111":2,"112":2,"113":2,"114":2,"115":2,"116":2,"117":2,"118":2,"119":2,"120":2,"121":2,"122":2,"123":2,"124":2,"125":0,"126":0,"127":0,"128":0,"129":2,"130":0,"131":0,"132":0,"133":0,"134":2,"135":2,"136":11,"137":4,"138":12,"139":4,"140":4,"141":4,"142":13,"143":9,"144":13,"145":2,"146":0,"147":2,"148":13,"149":2,"150":0,"151":2,"152":13,"153":25,"154":25,"155":15,"156":15,"157":15,"158":15,"159":15,"160":11,"161":11,"162":11,"163":11,"164":11,"165":11,"166":11,"167":11},"f":{"0":1,"1":1,"2":26,"3":17,"4":14,"5":3,"6":17,"7":17,"8":17,"9":2,"10":1,"11":0,"12":0,"13":1,"14":2,"15":0,"16":0,"17":1,"18":0,"19":0,"20":2,"21":2,"22":0,"23":0,"24":4,"25":12,"26":13,"27":0,"28":0,"29":25,"30":15,"31":11},"b":{"0":[11,1],"1":[1,0],"2":[0,2],"3":[1,0],"4":[0,1],"5":[0,0],"6":[0,1],"7":[0,0],"8":[0,1],"9":[1,0],"10":[2,0],"11":[0,2],"12":[0,0],"13":[0,2],"14":[0,0],"15":[1,0],"16":[0,1],"17":[0,0],"18":[0,1],"19":[0,0],"20":[2,0],"21":[2,1],"22":[2,0],"23":[0,2],"24":[0,0],"25":[0,2],"26":[0,0],"27":[9,4],"28":[2,11],"29":[2,11],"30":[12,3],"31":[12,3],"32":[3,12],"33":[3,12]},"_coverageSchema":"1a1c01bbd47fc00a2c39e90264f33305004495a9","hash":"c2c005200bbae5c390e8820f7c7d283b3889ce37"}
}
