TN:
SF:js/todo.js
FN:17,clickToAddTask
FN:24,keyupToAddTask
FN:32,addListenerToTask
FN:35,(anonymous_3)
FN:38,(anonymous_4)
FN:41,(anonymous_5)
FN:44,(anonymous_6)
FN:47,(anonymous_7)
FN:48,(anonymous_8)
FN:52,addTask
FN:67,deleteTask
FN:76,(anonymous_11)
FN:83,(anonymous_12)
FN:94,deleteAllTasks
FN:115,completeTask
FN:129,(anonymous_15)
FN:137,(anonymous_16)
FN:151,cancelCompletedTask
FN:164,(anonymous_18)
FN:172,(anonymous_19)
FN:186,editTaskContent
FN:196,updateTaskContent
FN:212,(anonymous_22)
FN:220,(anonymous_23)
FN:233,changeStatus
FN:234,(anonymous_25)
FN:240,filterTasks
FN:246,(anonymous_27)
FN:250,(anonymous_28)
FN:259,taskList
FN:261,(anonymous_30)
FN:299,getDate
FNF:32
FNH:22
FNDA:1,clickToAddTask
FNDA:1,keyupToAddTask
FNDA:26,addListenerToTask
FNDA:17,(anonymous_3)
FNDA:14,(anonymous_4)
FNDA:3,(anonymous_5)
FNDA:17,(anonymous_6)
FNDA:17,(anonymous_7)
FNDA:17,(anonymous_8)
FNDA:2,addTask
FNDA:1,deleteTask
FNDA:0,(anonymous_11)
FNDA:0,(anonymous_12)
FNDA:1,deleteAllTasks
FNDA:2,completeTask
FNDA:0,(anonymous_15)
FNDA:0,(anonymous_16)
FNDA:1,cancelCompletedTask
FNDA:0,(anonymous_18)
FNDA:0,(anonymous_19)
FNDA:2,editTaskContent
FNDA:2,updateTaskContent
FNDA:0,(anonymous_22)
FNDA:0,(anonymous_23)
FNDA:4,changeStatus
FNDA:12,(anonymous_25)
FNDA:13,filterTasks
FNDA:0,(anonymous_27)
FNDA:0,(anonymous_28)
FNDA:25,taskList
FNDA:15,(anonymous_30)
FNDA:11,getDate
DA:5,11
DA:6,11
DA:7,11
DA:8,11
DA:9,11
DA:12,11
DA:13,11
DA:16,11
DA:18,1
DA:19,1
DA:22,11
DA:25,1
DA:26,1
DA:27,1
DA:34,26
DA:35,26
DA:37,26
DA:38,26
DA:40,26
DA:41,26
DA:43,26
DA:44,26
DA:46,26
DA:47,26
DA:48,26
DA:54,2
DA:55,2
DA:56,2
DA:61,2
DA:62,2
DA:63,2
DA:64,2
DA:69,1
DA:70,1
DA:71,1
DA:72,1
DA:74,1
DA:76,0
DA:77,0
DA:78,0
DA:82,1
DA:83,0
DA:84,0
DA:85,0
DA:89,1
DA:90,1
DA:93,11
DA:96,1
DA:97,0
DA:100,1
DA:101,1
DA:102,1
DA:104,1
DA:105,1
DA:106,1
DA:107,1
DA:110,0
DA:111,0
DA:116,2
DA:118,2
DA:119,2
DA:120,2
DA:121,2
DA:122,2
DA:124,2
DA:125,2
DA:127,2
DA:129,0
DA:130,0
DA:131,0
DA:134,0
DA:136,2
DA:137,0
DA:138,0
DA:139,0
DA:142,0
DA:144,2
DA:145,2
DA:146,2
DA:147,2
DA:148,2
DA:152,1
DA:153,1
DA:154,1
DA:155,1
DA:156,1
DA:157,1
DA:159,1
DA:160,1
DA:162,1
DA:164,0
DA:165,0
DA:166,0
DA:169,0
DA:171,1
DA:172,0
DA:173,0
DA:174,0
DA:177,0
DA:179,1
DA:180,1
DA:181,1
DA:182,1
DA:183,1
DA:189,2
DA:190,2
DA:191,2
DA:192,2
DA:193,2
DA:199,2
DA:200,2
DA:201,2
DA:202,2
DA:203,2
DA:204,2
DA:205,2
DA:207,2
DA:208,2
DA:210,2
DA:212,0
DA:213,0
DA:214,0
DA:217,0
DA:219,2
DA:220,0
DA:221,0
DA:222,0
DA:225,0
DA:227,2
DA:228,2
DA:232,11
DA:234,12
DA:235,4
DA:236,4
DA:237,4
DA:242,13
DA:243,9
DA:245,13
DA:246,2
DA:247,2
DA:249,13
DA:250,2
DA:251,2
DA:253,13
DA:260,25
DA:261,25
DA:265,15
DA:266,15
DA:273,15
DA:279,15
DA:292,15
DA:299,11
DA:300,11
DA:301,11
DA:302,11
DA:303,11
DA:304,11
DA:306,11
DA:307,11
LF:159
LH:126
BRDA:5,0,0,11
BRDA:5,0,1,1
BRDA:25,1,0,1
BRDA:25,1,1,0
BRDA:55,2,0,0
BRDA:55,2,1,2
BRDA:71,3,0,1
BRDA:71,3,1,0
BRDA:74,4,0,0
BRDA:74,4,1,1
BRDA:77,5,0,0
BRDA:77,5,1,0
BRDA:82,6,0,0
BRDA:82,6,1,1
BRDA:84,7,0,0
BRDA:84,7,1,0
BRDA:96,8,0,0
BRDA:96,8,1,1
BRDA:101,9,0,1
BRDA:101,9,1,0
BRDA:124,10,0,2
BRDA:124,10,1,0
BRDA:127,11,0,0
BRDA:127,11,1,2
BRDA:130,12,0,0
BRDA:130,12,1,0
BRDA:136,13,0,0
BRDA:136,13,1,2
BRDA:138,14,0,0
BRDA:138,14,1,0
BRDA:159,15,0,1
BRDA:159,15,1,0
BRDA:162,16,0,0
BRDA:162,16,1,1
BRDA:165,17,0,0
BRDA:165,17,1,0
BRDA:171,18,0,0
BRDA:171,18,1,1
BRDA:173,19,0,0
BRDA:173,19,1,0
BRDA:199,20,0,2
BRDA:199,20,1,0
BRDA:199,21,0,2
BRDA:199,21,1,1
BRDA:207,22,0,2
BRDA:207,22,1,0
BRDA:210,23,0,0
BRDA:210,23,1,2
BRDA:213,24,0,0
BRDA:213,24,1,0
BRDA:219,25,0,0
BRDA:219,25,1,2
BRDA:221,26,0,0
BRDA:221,26,1,0
BRDA:242,27,0,9
BRDA:242,27,1,4
BRDA:245,28,0,2
BRDA:245,28,1,11
BRDA:249,29,0,2
BRDA:249,29,1,11
BRDA:265,30,0,12
BRDA:265,30,1,3
BRDA:266,31,0,12
BRDA:266,31,1,3
BRDA:273,32,0,3
BRDA:273,32,1,12
BRDA:281,33,0,3
BRDA:281,33,1,12
BRF:68
BRH:35
end_of_record
