TN:
SF:js/todo.js
FN:20,initAddTaskEvent
FN:25,initEnterKeyEvent
FN:30,initDeleteAllTasksEvent
FN:35,initChangeStatusEvent
FN:41,getDate
FN:60,EnterKeyToAddTask
FN:66,addListenerToTask
FN:69,(anonymous_7)
FN:72,(anonymous_8)
FN:75,(anonymous_9)
FN:78,(anonymous_10)
FN:81,(anonymous_11)
FN:82,(anonymous_12)
FN:85,idGenerator
FN:89,addTask
FN:106,deleteTask
FN:109,(anonymous_16)
FN:116,deleteAllTasks
FN:134,completeTask
FN:136,(anonymous_19)
FN:142,cancelCompletedTask
FN:144,(anonymous_21)
FN:150,openEditInput
FN:152,(anonymous_23)
FN:157,updateTaskContent
FN:162,(anonymous_25)
FN:169,changeStatus
FN:171,(anonymous_27)
FN:180,filterTasks
FN:183,(anonymous_29)
FN:187,(anonymous_30)
FN:192,statusIconGenerator
FN:205,checkEditStatus
FN:218,taskContentGenerator
FN:225,taskElementsGenerator
FN:236,renderTaskList
FN:240,(anonymous_36)
FNF:37
FNH:35
FNDA:11,initAddTaskEvent
FNDA:11,initEnterKeyEvent
FNDA:11,initDeleteAllTasksEvent
FNDA:11,initChangeStatusEvent
FNDA:11,getDate
FNDA:1,EnterKeyToAddTask
FNDA:25,addListenerToTask
FNDA:15,(anonymous_7)
FNDA:13,(anonymous_8)
FNDA:2,(anonymous_9)
FNDA:15,(anonymous_10)
FNDA:15,(anonymous_11)
FNDA:15,(anonymous_12)
FNDA:2,idGenerator
FNDA:2,addTask
FNDA:1,deleteTask
FNDA:1,(anonymous_16)
FNDA:1,deleteAllTasks
FNDA:1,completeTask
FNDA:1,(anonymous_19)
FNDA:1,cancelCompletedTask
FNDA:1,(anonymous_21)
FNDA:2,openEditInput
FNDA:2,(anonymous_23)
FNDA:2,updateTaskContent
FNDA:2,(anonymous_25)
FNDA:4,changeStatus
FNDA:12,(anonymous_27)
FNDA:25,filterTasks
FNDA:0,(anonymous_29)
FNDA:0,(anonymous_30)
FNDA:15,statusIconGenerator
FNDA:15,checkEditStatus
FNDA:15,taskContentGenerator
FNDA:15,taskElementsGenerator
FNDA:25,renderTaskList
FNDA:15,(anonymous_36)
DA:9,11
DA:10,11
DA:11,11
DA:21,11
DA:26,11
DA:31,11
DA:36,11
DA:42,11
DA:43,11
DA:44,11
DA:45,11
DA:46,11
DA:48,11
DA:49,11
DA:52,11
DA:53,11
DA:54,11
DA:55,11
DA:56,11
DA:57,11
DA:61,1
DA:62,1
DA:68,25
DA:69,25
DA:71,25
DA:72,25
DA:74,25
DA:75,25
DA:77,25
DA:78,25
DA:80,25
DA:81,25
DA:82,25
DA:86,2
DA:91,2
DA:93,2
DA:94,2
DA:100,2
DA:101,2
DA:102,2
DA:103,2
DA:108,1
DA:109,1
DA:110,1
DA:111,1
DA:112,1
DA:113,1
DA:118,1
DA:119,0
DA:122,1
DA:123,1
DA:124,1
DA:125,1
DA:126,1
DA:127,1
DA:130,0
DA:135,1
DA:136,1
DA:137,1
DA:138,1
DA:139,1
DA:143,1
DA:144,1
DA:145,1
DA:146,1
DA:147,1
DA:151,2
DA:152,2
DA:153,2
DA:154,2
DA:159,2
DA:160,2
DA:161,2
DA:162,2
DA:163,2
DA:164,2
DA:165,2
DA:170,4
DA:171,12
DA:172,4
DA:175,4
DA:176,4
DA:181,25
DA:182,2
DA:183,0
DA:185,23
DA:186,2
DA:187,0
DA:189,21
DA:194,15
DA:195,15
DA:202,15
DA:206,15
DA:219,15
DA:226,15
DA:237,25
DA:238,25
DA:239,25
DA:240,15
DA:242,25
LF:100
LH:96
BRDA:9,0,0,11
BRDA:9,0,1,1
BRDA:61,1,0,0
BRDA:61,1,1,1
BRDA:93,2,0,0
BRDA:93,2,1,2
BRDA:118,3,0,0
BRDA:118,3,1,1
BRDA:123,4,0,1
BRDA:123,4,1,0
BRDA:159,5,0,2
BRDA:159,5,1,0
BRDA:159,6,0,2
BRDA:159,6,1,1
BRDA:181,7,0,2
BRDA:181,7,1,23
BRDA:185,8,0,2
BRDA:185,8,1,21
BRDA:202,9,0,2
BRDA:202,9,1,13
BRDA:207,10,0,13
BRDA:207,10,1,2
BRDA:213,11,0,2
BRDA:213,11,1,13
BRDA:220,12,0,2
BRDA:220,12,1,13
BRF:26
BRH:21
end_of_record
